INFO [2025-05-29 15:29:34] $x
INFO [2025-05-29 15:29:34] list(`15_m` = unique(list_15_m), `15_sm` = unique(list_15_sm))
INFO [2025-05-29 15:29:34] 
INFO [2025-05-29 15:29:34] $filename
INFO [2025-05-29 15:29:34] NULL
INFO [2025-05-29 15:29:34] 
INFO [2025-05-29 15:29:34] $fill
INFO [2025-05-29 15:29:34] c("#67000D", "#FB6A4A")
INFO [2025-05-29 15:29:34] 
INFO [2025-05-29 15:29:34] $alpha
INFO [2025-05-29 15:29:34] [1] 0.5
INFO [2025-05-29 15:29:34] 
INFO [2025-05-29 15:29:34] $cex
INFO [2025-05-29 15:29:34] [1] 1.5
INFO [2025-05-29 15:29:34] 
INFO [2025-05-29 15:29:34] $fontface
INFO [2025-05-29 15:29:34] [1] "bold"
INFO [2025-05-29 15:29:34] 
INFO [2025-05-29 15:29:34] $cat.cex
INFO [2025-05-29 15:29:34] [1] 1.2
INFO [2025-05-29 15:29:34] 
INFO [2025-05-29 15:29:34] $cat.pos
INFO [2025-05-29 15:29:34] c(-20, 20)
INFO [2025-05-29 15:29:34] 
INFO [2025-05-29 15:29:34] $main
INFO [2025-05-29 15:29:34] [1] "Venn_Poss: 15_m vs 15_sm"
INFO [2025-05-29 15:29:34] 
