INFO [2025-06-12 11:38:30] $x
INFO [2025-06-12 11:38:30] list(`15_m` = unique(list_15_m_neg), `15_sm` = unique(list_15_sm_neg))
INFO [2025-06-12 11:38:30] 
INFO [2025-06-12 11:38:30] $filename
INFO [2025-06-12 11:38:30] NULL
INFO [2025-06-12 11:38:30] 
INFO [2025-06-12 11:38:30] $fill
INFO [2025-06-12 11:38:30] c("#08306B", "#4292C6")
INFO [2025-06-12 11:38:30] 
INFO [2025-06-12 11:38:30] $alpha
INFO [2025-06-12 11:38:30] [1] 0.5
INFO [2025-06-12 11:38:30] 
INFO [2025-06-12 11:38:30] $cex
INFO [2025-06-12 11:38:30] [1] 1.5
INFO [2025-06-12 11:38:30] 
INFO [2025-06-12 11:38:30] $fontface
INFO [2025-06-12 11:38:30] [1] "bold"
INFO [2025-06-12 11:38:30] 
INFO [2025-06-12 11:38:30] $cat.cex
INFO [2025-06-12 11:38:30] [1] 1.2
INFO [2025-06-12 11:38:30] 
INFO [2025-06-12 11:38:30] $cat.pos
INFO [2025-06-12 11:38:30] c(-20, 20)
INFO [2025-06-12 11:38:30] 
INFO [2025-06-12 11:38:30] $main
INFO [2025-06-12 11:38:30] [1] "Venn Neg: 15_m vs 15_sm"
INFO [2025-06-12 11:38:30] 
