INFO [2025-06-12 12:08:30] $x
INFO [2025-06-12 12:08:30] list(`5_m` = unique(list_5_m_neg), `5_sm` = unique(list_5_sm_neg))
INFO [2025-06-12 12:08:30] 
INFO [2025-06-12 12:08:30] $filename
INFO [2025-06-12 12:08:30] NULL
INFO [2025-06-12 12:08:30] 
INFO [2025-06-12 12:08:30] $fill
INFO [2025-06-12 12:08:30] c("#08306B", "#4292C6")
INFO [2025-06-12 12:08:30] 
INFO [2025-06-12 12:08:30] $alpha
INFO [2025-06-12 12:08:30] [1] 0.5
INFO [2025-06-12 12:08:30] 
INFO [2025-06-12 12:08:30] $cex
INFO [2025-06-12 12:08:30] [1] 1.5
INFO [2025-06-12 12:08:30] 
INFO [2025-06-12 12:08:30] $fontface
INFO [2025-06-12 12:08:30] [1] "bold"
INFO [2025-06-12 12:08:30] 
INFO [2025-06-12 12:08:30] $cat.cex
INFO [2025-06-12 12:08:30] [1] 1.2
INFO [2025-06-12 12:08:30] 
INFO [2025-06-12 12:08:30] $cat.pos
INFO [2025-06-12 12:08:30] c(-20, 20)
INFO [2025-06-12 12:08:30] 
INFO [2025-06-12 12:08:30] $main
INFO [2025-06-12 12:08:30] [1] "Venn Neg: 5_m vs 5_sm"
INFO [2025-06-12 12:08:30] 
