INFO [2025-06-12 11:54:45] $x
INFO [2025-06-12 11:54:45] list(`5_m` = unique(list_5_m_neg), `5_sm` = unique(list_5_sm_neg))
INFO [2025-06-12 11:54:45] 
INFO [2025-06-12 11:54:45] $filename
INFO [2025-06-12 11:54:45] NULL
INFO [2025-06-12 11:54:45] 
INFO [2025-06-12 11:54:45] $fill
INFO [2025-06-12 11:54:45] c("#08306B", "#4292C6")
INFO [2025-06-12 11:54:45] 
INFO [2025-06-12 11:54:45] $alpha
INFO [2025-06-12 11:54:45] [1] 0.5
INFO [2025-06-12 11:54:45] 
INFO [2025-06-12 11:54:45] $cex
INFO [2025-06-12 11:54:45] [1] 1.5
INFO [2025-06-12 11:54:45] 
INFO [2025-06-12 11:54:45] $fontface
INFO [2025-06-12 11:54:45] [1] "bold"
INFO [2025-06-12 11:54:45] 
INFO [2025-06-12 11:54:45] $cat.cex
INFO [2025-06-12 11:54:45] [1] 1.2
INFO [2025-06-12 11:54:45] 
INFO [2025-06-12 11:54:45] $cat.pos
INFO [2025-06-12 11:54:45] c(-20, 20)
INFO [2025-06-12 11:54:45] 
INFO [2025-06-12 11:54:45] $main
INFO [2025-06-12 11:54:45] [1] "Venn Neg: 5_m vs 5_sm"
INFO [2025-06-12 11:54:45] 
