INFO [2025-06-12 11:54:43] $x
INFO [2025-06-12 11:54:43] list(`5_m` = unique(list_5_m), `5_sm` = unique(list_5_sm))
INFO [2025-06-12 11:54:43] 
INFO [2025-06-12 11:54:43] $filename
INFO [2025-06-12 11:54:43] NULL
INFO [2025-06-12 11:54:43] 
INFO [2025-06-12 11:54:43] $fill
INFO [2025-06-12 11:54:43] c("#67000D", "#FB6A4A")
INFO [2025-06-12 11:54:43] 
INFO [2025-06-12 11:54:43] $alpha
INFO [2025-06-12 11:54:43] [1] 0.5
INFO [2025-06-12 11:54:43] 
INFO [2025-06-12 11:54:43] $cex
INFO [2025-06-12 11:54:43] [1] 1.5
INFO [2025-06-12 11:54:43] 
INFO [2025-06-12 11:54:43] $fontface
INFO [2025-06-12 11:54:43] [1] "bold"
INFO [2025-06-12 11:54:43] 
INFO [2025-06-12 11:54:43] $cat.cex
INFO [2025-06-12 11:54:43] [1] 1.2
INFO [2025-06-12 11:54:43] 
INFO [2025-06-12 11:54:43] $cat.pos
INFO [2025-06-12 11:54:43] c(-20, 20)
INFO [2025-06-12 11:54:43] 
INFO [2025-06-12 11:54:43] $main
INFO [2025-06-12 11:54:43] [1] "Venn_Poss: 5_m vs 5_sm"
INFO [2025-06-12 11:54:43] 
