INFO [2025-05-29 15:26:23] $x
INFO [2025-05-29 15:26:23] list(`5_m` = unique(list_5_m), `15_m` = unique(list_15_m))
INFO [2025-05-29 15:26:23] 
INFO [2025-05-29 15:26:23] $filename
INFO [2025-05-29 15:26:23] NULL
INFO [2025-05-29 15:26:23] 
INFO [2025-05-29 15:26:23] $fill
INFO [2025-05-29 15:26:23] c("#FFFFFF", "#67000D")
INFO [2025-05-29 15:26:23] 
INFO [2025-05-29 15:26:23] $alpha
INFO [2025-05-29 15:26:23] [1] 0.5
INFO [2025-05-29 15:26:23] 
INFO [2025-05-29 15:26:23] $cex
INFO [2025-05-29 15:26:23] [1] 1.5
INFO [2025-05-29 15:26:23] 
INFO [2025-05-29 15:26:23] $fontface
INFO [2025-05-29 15:26:23] [1] "bold"
INFO [2025-05-29 15:26:23] 
INFO [2025-05-29 15:26:23] $cat.cex
INFO [2025-05-29 15:26:23] [1] 1.2
INFO [2025-05-29 15:26:23] 
INFO [2025-05-29 15:26:23] $cat.pos
INFO [2025-05-29 15:26:23] c(-20, 20)
INFO [2025-05-29 15:26:23] 
INFO [2025-05-29 15:26:23] $main
INFO [2025-05-29 15:26:23] [1] "Venn_Poss: 5_m vs 15_m"
INFO [2025-05-29 15:26:23] 
