INFO [2025-05-29 15:13:32] $x
INFO [2025-05-29 15:13:32] list(`5_m` = unique(list_5_m), `5_sm` = unique(list_5_sm))
INFO [2025-05-29 15:13:32] 
INFO [2025-05-29 15:13:32] $filename
INFO [2025-05-29 15:13:32] NULL
INFO [2025-05-29 15:13:32] 
INFO [2025-05-29 15:13:32] $fill
INFO [2025-05-29 15:13:32] c("#FF0000", "#FFFFFF")
INFO [2025-05-29 15:13:32] 
INFO [2025-05-29 15:13:32] $alpha
INFO [2025-05-29 15:13:32] [1] 0.5
INFO [2025-05-29 15:13:32] 
INFO [2025-05-29 15:13:32] $cex
INFO [2025-05-29 15:13:32] [1] 1.5
INFO [2025-05-29 15:13:32] 
INFO [2025-05-29 15:13:32] $fontface
INFO [2025-05-29 15:13:32] [1] "bold"
INFO [2025-05-29 15:13:32] 
INFO [2025-05-29 15:13:32] $cat.cex
INFO [2025-05-29 15:13:32] [1] 1.2
INFO [2025-05-29 15:13:32] 
INFO [2025-05-29 15:13:32] $cat.pos
INFO [2025-05-29 15:13:32] c(-20, 20)
INFO [2025-05-29 15:13:32] 
INFO [2025-05-29 15:13:32] $main
INFO [2025-05-29 15:13:32] [1] "Venn_Poss: 5_m vs 5_sm"
INFO [2025-05-29 15:13:32] 
