INFO [2025-05-29 15:29:35] $x
INFO [2025-05-29 15:29:35] list(`15_m` = unique(list_15_m_neg), `15_sm` = unique(list_15_sm_neg))
INFO [2025-05-29 15:29:35] 
INFO [2025-05-29 15:29:35] $filename
INFO [2025-05-29 15:29:35] NULL
INFO [2025-05-29 15:29:35] 
INFO [2025-05-29 15:29:35] $fill
INFO [2025-05-29 15:29:35] c("#08306B", "#4292C6")
INFO [2025-05-29 15:29:35] 
INFO [2025-05-29 15:29:35] $alpha
INFO [2025-05-29 15:29:35] [1] 0.5
INFO [2025-05-29 15:29:35] 
INFO [2025-05-29 15:29:35] $cex
INFO [2025-05-29 15:29:35] [1] 1.5
INFO [2025-05-29 15:29:35] 
INFO [2025-05-29 15:29:35] $fontface
INFO [2025-05-29 15:29:35] [1] "bold"
INFO [2025-05-29 15:29:35] 
INFO [2025-05-29 15:29:35] $cat.cex
INFO [2025-05-29 15:29:35] [1] 1.2
INFO [2025-05-29 15:29:35] 
INFO [2025-05-29 15:29:35] $cat.pos
INFO [2025-05-29 15:29:35] c(-20, 20)
INFO [2025-05-29 15:29:35] 
INFO [2025-05-29 15:29:35] $main
INFO [2025-05-29 15:29:35] [1] "Venn Neg: 15_m vs 15_sm"
INFO [2025-05-29 15:29:35] 
