INFO [2025-05-29 15:26:22] $x
INFO [2025-05-29 15:26:22] list(`5_m` = unique(list_5_m), `5_sm` = unique(list_5_sm))
INFO [2025-05-29 15:26:22] 
INFO [2025-05-29 15:26:22] $filename
INFO [2025-05-29 15:26:22] NULL
INFO [2025-05-29 15:26:22] 
INFO [2025-05-29 15:26:22] $fill
INFO [2025-05-29 15:26:22] c("#67000D", "#FB6A4A")
INFO [2025-05-29 15:26:22] 
INFO [2025-05-29 15:26:22] $alpha
INFO [2025-05-29 15:26:22] [1] 0.5
INFO [2025-05-29 15:26:22] 
INFO [2025-05-29 15:26:22] $cex
INFO [2025-05-29 15:26:22] [1] 1.5
INFO [2025-05-29 15:26:22] 
INFO [2025-05-29 15:26:22] $fontface
INFO [2025-05-29 15:26:22] [1] "bold"
INFO [2025-05-29 15:26:22] 
INFO [2025-05-29 15:26:22] $cat.cex
INFO [2025-05-29 15:26:22] [1] 1.2
INFO [2025-05-29 15:26:22] 
INFO [2025-05-29 15:26:22] $cat.pos
INFO [2025-05-29 15:26:22] c(-20, 20)
INFO [2025-05-29 15:26:22] 
INFO [2025-05-29 15:26:22] $main
INFO [2025-05-29 15:26:22] [1] "Venn_Poss: 5_m vs 5_sm"
INFO [2025-05-29 15:26:22] 
