INFO [2025-05-29 14:17:53] $x
INFO [2025-05-29 14:17:53] list(`5_m` = unique(list_5_m_neg), `15_m` = unique(list_15_m_neg))
INFO [2025-05-29 14:17:53] 
INFO [2025-05-29 14:17:53] $filename
INFO [2025-05-29 14:17:53] NULL
INFO [2025-05-29 14:17:53] 
INFO [2025-05-29 14:17:53] $fill
INFO [2025-05-29 14:17:53] c("#00008B", "#8B4513")
INFO [2025-05-29 14:17:53] 
INFO [2025-05-29 14:17:53] $alpha
INFO [2025-05-29 14:17:53] [1] 0.5
INFO [2025-05-29 14:17:53] 
INFO [2025-05-29 14:17:53] $cex
INFO [2025-05-29 14:17:53] [1] 1.5
INFO [2025-05-29 14:17:53] 
INFO [2025-05-29 14:17:53] $fontface
INFO [2025-05-29 14:17:53] [1] "bold"
INFO [2025-05-29 14:17:53] 
INFO [2025-05-29 14:17:53] $cat.cex
INFO [2025-05-29 14:17:53] [1] 1.2
INFO [2025-05-29 14:17:53] 
INFO [2025-05-29 14:17:53] $cat.pos
INFO [2025-05-29 14:17:53] c(-20, 20)
INFO [2025-05-29 14:17:53] 
INFO [2025-05-29 14:17:53] $main
INFO [2025-05-29 14:17:53] [1] "Venn Negativa: 5_m vs 15_m"
INFO [2025-05-29 14:17:53] 
