INFO [2025-05-29 15:04:16] $x
INFO [2025-05-29 15:04:16] list(`5_m` = unique(list_5_m), `15_m` = unique(list_15_m))
INFO [2025-05-29 15:04:16] 
INFO [2025-05-29 15:04:16] $filename
INFO [2025-05-29 15:04:16] NULL
INFO [2025-05-29 15:04:16] 
INFO [2025-05-29 15:04:16] $fill
INFO [2025-05-29 15:04:16] c("#FF0000", "#FFFFFF")
INFO [2025-05-29 15:04:16] 
INFO [2025-05-29 15:04:16] $alpha
INFO [2025-05-29 15:04:16] [1] 0.5
INFO [2025-05-29 15:04:16] 
INFO [2025-05-29 15:04:16] $cex
INFO [2025-05-29 15:04:16] [1] 1.5
INFO [2025-05-29 15:04:16] 
INFO [2025-05-29 15:04:16] $fontface
INFO [2025-05-29 15:04:16] [1] "bold"
INFO [2025-05-29 15:04:16] 
INFO [2025-05-29 15:04:16] $cat.cex
INFO [2025-05-29 15:04:16] [1] 1.2
INFO [2025-05-29 15:04:16] 
INFO [2025-05-29 15:04:16] $cat.pos
INFO [2025-05-29 15:04:16] c(-20, 20)
INFO [2025-05-29 15:04:16] 
INFO [2025-05-29 15:04:16] $main
INFO [2025-05-29 15:04:16] [1] "Venn_Poss: 5_m vs 15_m"
INFO [2025-05-29 15:04:16] 
