INFO [2025-05-29 15:04:38] $x
INFO [2025-05-29 15:04:38] list(`5_m` = unique(list_5_m), `15_m` = unique(list_15_m))
INFO [2025-05-29 15:04:38] 
INFO [2025-05-29 15:04:38] $filename
INFO [2025-05-29 15:04:38] NULL
INFO [2025-05-29 15:04:38] 
INFO [2025-05-29 15:04:38] $fill
INFO [2025-05-29 15:04:38] c("#FFFFFF", "#FF0000")
INFO [2025-05-29 15:04:38] 
INFO [2025-05-29 15:04:38] $alpha
INFO [2025-05-29 15:04:38] [1] 0.5
INFO [2025-05-29 15:04:38] 
INFO [2025-05-29 15:04:38] $cex
INFO [2025-05-29 15:04:38] [1] 1.5
INFO [2025-05-29 15:04:38] 
INFO [2025-05-29 15:04:38] $fontface
INFO [2025-05-29 15:04:38] [1] "bold"
INFO [2025-05-29 15:04:38] 
INFO [2025-05-29 15:04:38] $cat.cex
INFO [2025-05-29 15:04:38] [1] 1.2
INFO [2025-05-29 15:04:38] 
INFO [2025-05-29 15:04:38] $cat.pos
INFO [2025-05-29 15:04:38] c(-20, 20)
INFO [2025-05-29 15:04:38] 
INFO [2025-05-29 15:04:38] $main
INFO [2025-05-29 15:04:38] [1] "Venn_Poss: 5_m vs 15_m"
INFO [2025-05-29 15:04:38] 
