INFO [2025-06-12 11:38:28] $x
INFO [2025-06-12 11:38:28] list(`5_m` = unique(list_5_m), `15_m` = unique(list_15_m))
INFO [2025-06-12 11:38:28] 
INFO [2025-06-12 11:38:28] $filename
INFO [2025-06-12 11:38:28] NULL
INFO [2025-06-12 11:38:28] 
INFO [2025-06-12 11:38:28] $fill
INFO [2025-06-12 11:38:28] c("#FFFFFF", "#67000D")
INFO [2025-06-12 11:38:28] 
INFO [2025-06-12 11:38:28] $alpha
INFO [2025-06-12 11:38:28] [1] 0.5
INFO [2025-06-12 11:38:28] 
INFO [2025-06-12 11:38:28] $cex
INFO [2025-06-12 11:38:28] [1] 1.5
INFO [2025-06-12 11:38:28] 
INFO [2025-06-12 11:38:28] $fontface
INFO [2025-06-12 11:38:28] [1] "bold"
INFO [2025-06-12 11:38:28] 
INFO [2025-06-12 11:38:28] $cat.cex
INFO [2025-06-12 11:38:28] [1] 1.2
INFO [2025-06-12 11:38:28] 
INFO [2025-06-12 11:38:28] $cat.pos
INFO [2025-06-12 11:38:28] c(-20, 20)
INFO [2025-06-12 11:38:28] 
INFO [2025-06-12 11:38:28] $main
INFO [2025-06-12 11:38:28] [1] "Venn_Poss: 5_m vs 15_m"
INFO [2025-06-12 11:38:28] 
