INFO [2025-05-29 15:30:01] $x
INFO [2025-05-29 15:30:01] list(`5_m` = unique(list_5_m), `15_m` = unique(list_15_m))
INFO [2025-05-29 15:30:01] 
INFO [2025-05-29 15:30:01] $filename
INFO [2025-05-29 15:30:01] NULL
INFO [2025-05-29 15:30:01] 
INFO [2025-05-29 15:30:01] $fill
INFO [2025-05-29 15:30:01] c("#FFFFFF", "#67000D")
INFO [2025-05-29 15:30:01] 
INFO [2025-05-29 15:30:01] $alpha
INFO [2025-05-29 15:30:01] [1] 0.5
INFO [2025-05-29 15:30:01] 
INFO [2025-05-29 15:30:01] $cex
INFO [2025-05-29 15:30:01] [1] 1.5
INFO [2025-05-29 15:30:01] 
INFO [2025-05-29 15:30:01] $fontface
INFO [2025-05-29 15:30:01] [1] "bold"
INFO [2025-05-29 15:30:01] 
INFO [2025-05-29 15:30:01] $cat.cex
INFO [2025-05-29 15:30:01] [1] 1.2
INFO [2025-05-29 15:30:01] 
INFO [2025-05-29 15:30:01] $cat.pos
INFO [2025-05-29 15:30:01] c(-20, 20)
INFO [2025-05-29 15:30:01] 
INFO [2025-05-29 15:30:01] $main
INFO [2025-05-29 15:30:01] [1] "Venn_Poss: 5_m vs 15_m"
INFO [2025-05-29 15:30:01] 
