INFO [2025-06-12 12:08:28] $x
INFO [2025-06-12 12:08:28] list(`15_m` = unique(list_15_m), `15_sm` = unique(list_15_sm))
INFO [2025-06-12 12:08:28] 
INFO [2025-06-12 12:08:28] $filename
INFO [2025-06-12 12:08:28] NULL
INFO [2025-06-12 12:08:28] 
INFO [2025-06-12 12:08:28] $fill
INFO [2025-06-12 12:08:28] c("#67000D", "#FB6A4A")
INFO [2025-06-12 12:08:28] 
INFO [2025-06-12 12:08:28] $alpha
INFO [2025-06-12 12:08:28] [1] 0.5
INFO [2025-06-12 12:08:28] 
INFO [2025-06-12 12:08:28] $cex
INFO [2025-06-12 12:08:28] [1] 1.5
INFO [2025-06-12 12:08:28] 
INFO [2025-06-12 12:08:28] $fontface
INFO [2025-06-12 12:08:28] [1] "bold"
INFO [2025-06-12 12:08:28] 
INFO [2025-06-12 12:08:28] $cat.cex
INFO [2025-06-12 12:08:28] [1] 1.2
INFO [2025-06-12 12:08:28] 
INFO [2025-06-12 12:08:28] $cat.pos
INFO [2025-06-12 12:08:28] c(-20, 20)
INFO [2025-06-12 12:08:28] 
INFO [2025-06-12 12:08:28] $main
INFO [2025-06-12 12:08:28] [1] "Venn_Poss: 15_m vs 15_sm"
INFO [2025-06-12 12:08:28] 
