INFO [2025-05-29 15:13:36] $x
INFO [2025-05-29 15:13:36] list(`15_m` = unique(list_15_m), `15_sm` = unique(list_15_sm))
INFO [2025-05-29 15:13:36] 
INFO [2025-05-29 15:13:36] $filename
INFO [2025-05-29 15:13:36] NULL
INFO [2025-05-29 15:13:36] 
INFO [2025-05-29 15:13:36] $fill
INFO [2025-05-29 15:13:36] c("#FF0000", "#FFFFFF")
INFO [2025-05-29 15:13:36] 
INFO [2025-05-29 15:13:36] $alpha
INFO [2025-05-29 15:13:36] [1] 0.5
INFO [2025-05-29 15:13:36] 
INFO [2025-05-29 15:13:36] $cex
INFO [2025-05-29 15:13:36] [1] 1.5
INFO [2025-05-29 15:13:36] 
INFO [2025-05-29 15:13:36] $fontface
INFO [2025-05-29 15:13:36] [1] "bold"
INFO [2025-05-29 15:13:36] 
INFO [2025-05-29 15:13:36] $cat.cex
INFO [2025-05-29 15:13:36] [1] 1.2
INFO [2025-05-29 15:13:36] 
INFO [2025-05-29 15:13:36] $cat.pos
INFO [2025-05-29 15:13:36] c(-20, 20)
INFO [2025-05-29 15:13:36] 
INFO [2025-05-29 15:13:36] $main
INFO [2025-05-29 15:13:36] [1] "Venn_Poss: 15_m vs 15_sm"
INFO [2025-05-29 15:13:36] 
