INFO [2025-05-29 15:29:36] $x
INFO [2025-05-29 15:29:36] list(`5_m` = unique(list_5_m_neg), `15_m` = unique(list_15_m_neg))
INFO [2025-05-29 15:29:36] 
INFO [2025-05-29 15:29:36] $filename
INFO [2025-05-29 15:29:36] NULL
INFO [2025-05-29 15:29:36] 
INFO [2025-05-29 15:29:36] $fill
INFO [2025-05-29 15:29:36] c("#FFFFFF", "#08306B")
INFO [2025-05-29 15:29:36] 
INFO [2025-05-29 15:29:36] $alpha
INFO [2025-05-29 15:29:36] [1] 0.5
INFO [2025-05-29 15:29:36] 
INFO [2025-05-29 15:29:36] $cex
INFO [2025-05-29 15:29:36] [1] 1.5
INFO [2025-05-29 15:29:36] 
INFO [2025-05-29 15:29:36] $fontface
INFO [2025-05-29 15:29:36] [1] "bold"
INFO [2025-05-29 15:29:36] 
INFO [2025-05-29 15:29:36] $cat.cex
INFO [2025-05-29 15:29:36] [1] 1.2
INFO [2025-05-29 15:29:36] 
INFO [2025-05-29 15:29:36] $cat.pos
INFO [2025-05-29 15:29:36] c(-20, 20)
INFO [2025-05-29 15:29:36] 
INFO [2025-05-29 15:29:36] $main
INFO [2025-05-29 15:29:36] [1] "Venn Negativa: 5_m vs 15_m"
INFO [2025-05-29 15:29:36] 
