INFO [2025-05-29 15:29:33] $x
INFO [2025-05-29 15:29:33] list(`5_m` = unique(list_5_m), `5_sm` = unique(list_5_sm))
INFO [2025-05-29 15:29:33] 
INFO [2025-05-29 15:29:33] $filename
INFO [2025-05-29 15:29:33] NULL
INFO [2025-05-29 15:29:33] 
INFO [2025-05-29 15:29:33] $fill
INFO [2025-05-29 15:29:33] c("#67000D", "#FB6A4A")
INFO [2025-05-29 15:29:33] 
INFO [2025-05-29 15:29:33] $alpha
INFO [2025-05-29 15:29:33] [1] 0.5
INFO [2025-05-29 15:29:33] 
INFO [2025-05-29 15:29:33] $cex
INFO [2025-05-29 15:29:33] [1] 1.5
INFO [2025-05-29 15:29:33] 
INFO [2025-05-29 15:29:33] $fontface
INFO [2025-05-29 15:29:33] [1] "bold"
INFO [2025-05-29 15:29:33] 
INFO [2025-05-29 15:29:33] $cat.cex
INFO [2025-05-29 15:29:33] [1] 1.2
INFO [2025-05-29 15:29:33] 
INFO [2025-05-29 15:29:33] $cat.pos
INFO [2025-05-29 15:29:33] c(-20, 20)
INFO [2025-05-29 15:29:33] 
INFO [2025-05-29 15:29:33] $main
INFO [2025-05-29 15:29:33] [1] "Venn_Poss: 5_m vs 5_sm"
INFO [2025-05-29 15:29:33] 
