INFO [2025-06-12 11:54:44] $x
INFO [2025-06-12 11:54:44] list(`15_m` = unique(list_15_m), `15_sm` = unique(list_15_sm))
INFO [2025-06-12 11:54:44] 
INFO [2025-06-12 11:54:44] $filename
INFO [2025-06-12 11:54:44] NULL
INFO [2025-06-12 11:54:44] 
INFO [2025-06-12 11:54:44] $fill
INFO [2025-06-12 11:54:44] c("#67000D", "#FB6A4A")
INFO [2025-06-12 11:54:44] 
INFO [2025-06-12 11:54:44] $alpha
INFO [2025-06-12 11:54:44] [1] 0.5
INFO [2025-06-12 11:54:44] 
INFO [2025-06-12 11:54:44] $cex
INFO [2025-06-12 11:54:44] [1] 1.5
INFO [2025-06-12 11:54:44] 
INFO [2025-06-12 11:54:44] $fontface
INFO [2025-06-12 11:54:44] [1] "bold"
INFO [2025-06-12 11:54:44] 
INFO [2025-06-12 11:54:44] $cat.cex
INFO [2025-06-12 11:54:44] [1] 1.2
INFO [2025-06-12 11:54:44] 
INFO [2025-06-12 11:54:44] $cat.pos
INFO [2025-06-12 11:54:44] c(-20, 20)
INFO [2025-06-12 11:54:44] 
INFO [2025-06-12 11:54:44] $main
INFO [2025-06-12 11:54:44] [1] "Venn_Poss: 15_m vs 15_sm"
INFO [2025-06-12 11:54:44] 
