INFO [2025-05-29 15:05:56] $x
INFO [2025-05-29 15:05:56] list(`5_m` = unique(list_5_m), `5_sm` = unique(list_5_sm))
INFO [2025-05-29 15:05:56] 
INFO [2025-05-29 15:05:56] $filename
INFO [2025-05-29 15:05:56] NULL
INFO [2025-05-29 15:05:56] 
INFO [2025-05-29 15:05:56] $fill
INFO [2025-05-29 15:05:56] c("#FF0000", "#FFFFFF")
INFO [2025-05-29 15:05:56] 
INFO [2025-05-29 15:05:56] $alpha
INFO [2025-05-29 15:05:56] [1] 0.5
INFO [2025-05-29 15:05:56] 
INFO [2025-05-29 15:05:56] $cex
INFO [2025-05-29 15:05:56] [1] 1.5
INFO [2025-05-29 15:05:56] 
INFO [2025-05-29 15:05:56] $fontface
INFO [2025-05-29 15:05:56] [1] "bold"
INFO [2025-05-29 15:05:56] 
INFO [2025-05-29 15:05:56] $cat.cex
INFO [2025-05-29 15:05:56] [1] 1.2
INFO [2025-05-29 15:05:56] 
INFO [2025-05-29 15:05:56] $cat.pos
INFO [2025-05-29 15:05:56] c(-20, 20)
INFO [2025-05-29 15:05:56] 
INFO [2025-05-29 15:05:56] $main
INFO [2025-05-29 15:05:56] [1] "Venn_Poss: 5_m vs 5_sm"
INFO [2025-05-29 15:05:56] 
