INFO [2025-05-29 15:04:15] $x
INFO [2025-05-29 15:04:15] list(`15_m` = unique(list_15_m), `15_sm` = unique(list_15_sm))
INFO [2025-05-29 15:04:15] 
INFO [2025-05-29 15:04:15] $filename
INFO [2025-05-29 15:04:15] NULL
INFO [2025-05-29 15:04:15] 
INFO [2025-05-29 15:04:15] $fill
INFO [2025-05-29 15:04:15] c("#FF0000", "#FFFFFF")
INFO [2025-05-29 15:04:15] 
INFO [2025-05-29 15:04:15] $alpha
INFO [2025-05-29 15:04:15] [1] 0.5
INFO [2025-05-29 15:04:15] 
INFO [2025-05-29 15:04:15] $cex
INFO [2025-05-29 15:04:15] [1] 1.5
INFO [2025-05-29 15:04:15] 
INFO [2025-05-29 15:04:15] $fontface
INFO [2025-05-29 15:04:15] [1] "bold"
INFO [2025-05-29 15:04:15] 
INFO [2025-05-29 15:04:15] $cat.cex
INFO [2025-05-29 15:04:15] [1] 1.2
INFO [2025-05-29 15:04:15] 
INFO [2025-05-29 15:04:15] $cat.pos
INFO [2025-05-29 15:04:15] c(-20, 20)
INFO [2025-05-29 15:04:15] 
INFO [2025-05-29 15:04:15] $main
INFO [2025-05-29 15:04:15] [1] "Venn_Poss: 15_m vs 15_sm"
INFO [2025-05-29 15:04:15] 
