INFO [2025-06-12 12:08:27] $x
INFO [2025-06-12 12:08:27] list(`5_m` = unique(list_5_m), `5_sm` = unique(list_5_sm))
INFO [2025-06-12 12:08:27] 
INFO [2025-06-12 12:08:27] $filename
INFO [2025-06-12 12:08:27] NULL
INFO [2025-06-12 12:08:27] 
INFO [2025-06-12 12:08:27] $fill
INFO [2025-06-12 12:08:27] c("#67000D", "#FB6A4A")
INFO [2025-06-12 12:08:27] 
INFO [2025-06-12 12:08:27] $alpha
INFO [2025-06-12 12:08:27] [1] 0.5
INFO [2025-06-12 12:08:27] 
INFO [2025-06-12 12:08:27] $cex
INFO [2025-06-12 12:08:27] [1] 1.5
INFO [2025-06-12 12:08:27] 
INFO [2025-06-12 12:08:27] $fontface
INFO [2025-06-12 12:08:27] [1] "bold"
INFO [2025-06-12 12:08:27] 
INFO [2025-06-12 12:08:27] $cat.cex
INFO [2025-06-12 12:08:27] [1] 1.2
INFO [2025-06-12 12:08:27] 
INFO [2025-06-12 12:08:27] $cat.pos
INFO [2025-06-12 12:08:27] c(-20, 20)
INFO [2025-06-12 12:08:27] 
INFO [2025-06-12 12:08:27] $main
INFO [2025-06-12 12:08:27] [1] "Venn_Poss: 5_m vs 5_sm"
INFO [2025-06-12 12:08:27] 
