INFO [2025-05-30 10:00:56] $x
INFO [2025-05-30 10:00:56] list(`5_m` = unique(list_5_m_neg), `5_sm` = unique(list_5_sm_neg))
INFO [2025-05-30 10:00:56] 
INFO [2025-05-30 10:00:56] $filename
INFO [2025-05-30 10:00:56] NULL
INFO [2025-05-30 10:00:56] 
INFO [2025-05-30 10:00:56] $fill
INFO [2025-05-30 10:00:56] c("#08306B", "#4292C6")
INFO [2025-05-30 10:00:56] 
INFO [2025-05-30 10:00:56] $alpha
INFO [2025-05-30 10:00:56] [1] 0.5
INFO [2025-05-30 10:00:56] 
INFO [2025-05-30 10:00:56] $cex
INFO [2025-05-30 10:00:56] [1] 1.5
INFO [2025-05-30 10:00:56] 
INFO [2025-05-30 10:00:56] $fontface
INFO [2025-05-30 10:00:56] [1] "bold"
INFO [2025-05-30 10:00:56] 
INFO [2025-05-30 10:00:56] $cat.cex
INFO [2025-05-30 10:00:56] [1] 1.2
INFO [2025-05-30 10:00:56] 
INFO [2025-05-30 10:00:56] $cat.pos
INFO [2025-05-30 10:00:56] c(-20, 20)
INFO [2025-05-30 10:00:56] 
INFO [2025-05-30 10:00:56] $main
INFO [2025-05-30 10:00:56] [1] "Venn Neg: 5_m vs 5_sm"
INFO [2025-05-30 10:00:56] 
