INFO [2025-05-29 14:17:52] $x
INFO [2025-05-29 14:17:52] list(`5_m` = unique(list_5_m), `5_sm` = unique(list_5_sm))
INFO [2025-05-29 14:17:52] 
INFO [2025-05-29 14:17:52] $filename
INFO [2025-05-29 14:17:52] NULL
INFO [2025-05-29 14:17:52] 
INFO [2025-05-29 14:17:52] $fill
INFO [2025-05-29 14:17:52] c("#0000FF", "#00BFFF")
INFO [2025-05-29 14:17:52] 
INFO [2025-05-29 14:17:52] $alpha
INFO [2025-05-29 14:17:52] [1] 0.5
INFO [2025-05-29 14:17:52] 
INFO [2025-05-29 14:17:52] $cex
INFO [2025-05-29 14:17:52] [1] 1.5
INFO [2025-05-29 14:17:52] 
INFO [2025-05-29 14:17:52] $fontface
INFO [2025-05-29 14:17:52] [1] "bold"
INFO [2025-05-29 14:17:52] 
INFO [2025-05-29 14:17:52] $cat.cex
INFO [2025-05-29 14:17:52] [1] 1.2
INFO [2025-05-29 14:17:52] 
INFO [2025-05-29 14:17:52] $cat.pos
INFO [2025-05-29 14:17:52] c(-20, 20)
INFO [2025-05-29 14:17:52] 
INFO [2025-05-29 14:17:52] $main
INFO [2025-05-29 14:17:52] [1] "Venn_Poss: 5_m vs 5_sm"
INFO [2025-05-29 14:17:52] 
