INFO [2025-06-12 11:54:46] $x
INFO [2025-06-12 11:54:46] list(`5_m` = unique(list_5_m_neg), `15_m` = unique(list_15_m_neg))
INFO [2025-06-12 11:54:46] 
INFO [2025-06-12 11:54:46] $filename
INFO [2025-06-12 11:54:46] NULL
INFO [2025-06-12 11:54:46] 
INFO [2025-06-12 11:54:46] $fill
INFO [2025-06-12 11:54:46] c("#FFFFFF", "#08306B")
INFO [2025-06-12 11:54:46] 
INFO [2025-06-12 11:54:46] $alpha
INFO [2025-06-12 11:54:46] [1] 0.5
INFO [2025-06-12 11:54:46] 
INFO [2025-06-12 11:54:46] $cex
INFO [2025-06-12 11:54:46] [1] 1.5
INFO [2025-06-12 11:54:46] 
INFO [2025-06-12 11:54:46] $fontface
INFO [2025-06-12 11:54:46] [1] "bold"
INFO [2025-06-12 11:54:46] 
INFO [2025-06-12 11:54:46] $cat.cex
INFO [2025-06-12 11:54:46] [1] 1.2
INFO [2025-06-12 11:54:46] 
INFO [2025-06-12 11:54:46] $cat.pos
INFO [2025-06-12 11:54:46] c(-20, 20)
INFO [2025-06-12 11:54:46] 
INFO [2025-06-12 11:54:46] $main
INFO [2025-06-12 11:54:46] [1] "Venn Negativa: 5_m vs 15_m"
INFO [2025-06-12 11:54:46] 
