INFO [2025-05-29 15:05:41] $x
INFO [2025-05-29 15:05:41] list(`5_m` = list_5_m, `5_sm` = list_5_sm)
INFO [2025-05-29 15:05:41] 
INFO [2025-05-29 15:05:41] $filename
INFO [2025-05-29 15:05:41] NULL
INFO [2025-05-29 15:05:41] 
INFO [2025-05-29 15:05:41] $fill
INFO [2025-05-29 15:05:41] c("#FF0000", "#FFFFFF")
INFO [2025-05-29 15:05:41] 
INFO [2025-05-29 15:05:41] $alpha
INFO [2025-05-29 15:05:41] [1] 0.5
INFO [2025-05-29 15:05:41] 
INFO [2025-05-29 15:05:41] $cex
INFO [2025-05-29 15:05:41] [1] 1.5
INFO [2025-05-29 15:05:41] 
INFO [2025-05-29 15:05:41] $fontface
INFO [2025-05-29 15:05:41] [1] "bold"
INFO [2025-05-29 15:05:41] 
INFO [2025-05-29 15:05:41] $cat.cex
INFO [2025-05-29 15:05:41] [1] 1.2
INFO [2025-05-29 15:05:41] 
INFO [2025-05-29 15:05:41] $cat.pos
INFO [2025-05-29 15:05:41] c(-20, 20)
INFO [2025-05-29 15:05:41] 
INFO [2025-05-29 15:05:41] $main
INFO [2025-05-29 15:05:41] [1] "Venn_Poss: 5_m vs 5_sm"
INFO [2025-05-29 15:05:41] 
