INFO [2025-05-30 10:00:54] $x
INFO [2025-05-30 10:00:54] list(`5_m` = unique(list_5_m), `15_m` = unique(list_15_m))
INFO [2025-05-30 10:00:54] 
INFO [2025-05-30 10:00:54] $filename
INFO [2025-05-30 10:00:54] NULL
INFO [2025-05-30 10:00:54] 
INFO [2025-05-30 10:00:54] $fill
INFO [2025-05-30 10:00:54] c("#FFFFFF", "#67000D")
INFO [2025-05-30 10:00:54] 
INFO [2025-05-30 10:00:54] $alpha
INFO [2025-05-30 10:00:54] [1] 0.5
INFO [2025-05-30 10:00:54] 
INFO [2025-05-30 10:00:54] $cex
INFO [2025-05-30 10:00:54] [1] 1.5
INFO [2025-05-30 10:00:54] 
INFO [2025-05-30 10:00:54] $fontface
INFO [2025-05-30 10:00:54] [1] "bold"
INFO [2025-05-30 10:00:54] 
INFO [2025-05-30 10:00:54] $cat.cex
INFO [2025-05-30 10:00:54] [1] 1.2
INFO [2025-05-30 10:00:54] 
INFO [2025-05-30 10:00:54] $cat.pos
INFO [2025-05-30 10:00:54] c(-20, 20)
INFO [2025-05-30 10:00:54] 
INFO [2025-05-30 10:00:54] $main
INFO [2025-05-30 10:00:54] [1] "Venn_Poss: 5_m vs 15_m"
INFO [2025-05-30 10:00:54] 
