INFO [2025-05-29 15:30:03] $x
INFO [2025-05-29 15:30:03] list(`5_m` = unique(list_5_m_neg), `15_m` = unique(list_15_m_neg))
INFO [2025-05-29 15:30:03] 
INFO [2025-05-29 15:30:03] $filename
INFO [2025-05-29 15:30:03] NULL
INFO [2025-05-29 15:30:03] 
INFO [2025-05-29 15:30:03] $fill
INFO [2025-05-29 15:30:03] c("#FFFFFF", "#08306B")
INFO [2025-05-29 15:30:03] 
INFO [2025-05-29 15:30:03] $alpha
INFO [2025-05-29 15:30:03] [1] 0.5
INFO [2025-05-29 15:30:03] 
INFO [2025-05-29 15:30:03] $cex
INFO [2025-05-29 15:30:03] [1] 1.5
INFO [2025-05-29 15:30:03] 
INFO [2025-05-29 15:30:03] $fontface
INFO [2025-05-29 15:30:03] [1] "bold"
INFO [2025-05-29 15:30:03] 
INFO [2025-05-29 15:30:03] $cat.cex
INFO [2025-05-29 15:30:03] [1] 1.2
INFO [2025-05-29 15:30:03] 
INFO [2025-05-29 15:30:03] $cat.pos
INFO [2025-05-29 15:30:03] c(-20, 20)
INFO [2025-05-29 15:30:03] 
INFO [2025-05-29 15:30:03] $main
INFO [2025-05-29 15:30:03] [1] "Venn Negativa: 5_m vs 15_m"
INFO [2025-05-29 15:30:03] 
